2023-03-20 20:00:56,054 -1- debug
2023-03-20 20:00:56,054 -1- info
2023-03-20 20:00:56,054 -1- warn
2023-03-20 20:00:56,054 -1- warning
2023-03-20 20:00:56,054 -1- error
2023-03-20 20:00:56,061 -1- critical
2023-03-20 20:00:56,061 -1- fatal

2023-03-20 20:01:03,295 -2- debug
2023-03-20 20:01:03,295 -2- info
2023-03-20 20:01:03,302 -2- warn
2023-03-20 20:01:03,302 -2- warning
2023-03-20 20:01:03,302 -2- error
2023-03-20 20:01:03,303 -2- critical
2023-03-20 20:01:03,303 -2- fatal

2023-03-20 20:01:11,545 -3- 13 -3- debug
2023-03-20 20:01:11,545 -3- 14 -3- info
2023-03-20 20:01:11,546 -3- 15 -3- warn
2023-03-20 20:01:11,546 -3- 16 -3- warning
2023-03-20 20:01:11,546 -3- 17 -3- error
2023-03-20 20:01:11,546 -3- 18 -3- critical
2023-03-20 20:01:11,546 -3- 19 -3- fatal

2023-03-20 20:01:18,509 -4- DEBUG -4- 14 -4- debug
2023-03-20 20:01:18,509 -4- INFO -4- 15 -4- info
2023-03-20 20:01:18,511 -4- WARNING -4- 16 -4- warn
2023-03-20 20:01:18,511 -4- WARNING -4- 17 -4- warning
2023-03-20 20:01:18,512 -4- ERROR -4- 18 -4- error
2023-03-20 20:01:18,512 -4- CRITICAL -4- 19 -4- critical
2023-03-20 20:01:18,512 -4- CRITICAL -4- 20 -4- fatal

2023-03-20 20:44:58,657 -4- DEBUG -4- 14 -4- debug
2023-03-20 20:44:58,657 -4- INFO -4- 15 -4- info
2023-03-20 20:44:58,657 -4- WARNING -4- 16 -4- warn
2023-03-20 20:44:58,657 -4- WARNING -4- 17 -4- warning
2023-03-20 20:44:58,657 -4- ERROR -4- 18 -4- error
2023-03-20 20:44:58,657 -4- CRITICAL -4- 19 -4- critical
2023-03-20 20:44:58,657 -4- CRITICAL -4- 20 -4- fatal

2023-03-20 21:23:18,673 -5- DEBUG -5- 10 -5- 
2342521820.py -5- <module> -5- 2342521820 -5-
11268 -5- MainProcess -5- 18 -5-
16028 -5- MainThread -5-
debug
2023-03-20 21:23:18,682 -5- INFO -5- 20 -5- 
2342521820.py -5- <module> -5- 2342521820 -5-
11268 -5- MainProcess -5- 19 -5-
16028 -5- MainThread -5-
info
2023-03-20 21:23:18,682 -5- WARNING -5- 30 -5- 
2342521820.py -5- <module> -5- 2342521820 -5-
11268 -5- MainProcess -5- 20 -5-
16028 -5- MainThread -5-
warn
2023-03-20 21:23:18,682 -5- WARNING -5- 30 -5- 
2342521820.py -5- <module> -5- 2342521820 -5-
11268 -5- MainProcess -5- 21 -5-
16028 -5- MainThread -5-
warning
2023-03-20 21:23:18,682 -5- ERROR -5- 40 -5- 
2342521820.py -5- <module> -5- 2342521820 -5-
11268 -5- MainProcess -5- 22 -5-
16028 -5- MainThread -5-
error
2023-03-20 21:23:18,682 -5- CRITICAL -5- 50 -5- 
2342521820.py -5- <module> -5- 2342521820 -5-
11268 -5- MainProcess -5- 23 -5-
16028 -5- MainThread -5-
critical
2023-03-20 21:23:18,682 -5- CRITICAL -5- 50 -5- 
2342521820.py -5- <module> -5- 2342521820 -5-
11268 -5- MainProcess -5- 24 -5-
16028 -5- MainThread -5-
fatal

