DEBUG:root:debug
INFO:root:info
WARNING:root:warn
WARNING:root:warning
ERROR:root:error
CRITICAL:root:critical
CRITICAL:root:fatal

INFO:root:info
WARNING:root:warn
WARNING:root:warning
ERROR:root:error
CRITICAL:root:critical
CRITICAL:root:fatal

WARNING:root:warn
WARNING:root:warning
ERROR:root:error
CRITICAL:root:critical
CRITICAL:root:fatal

WARNING:root:warn
WARNING:root:warning
ERROR:root:error
CRITICAL:root:critical
CRITICAL:root:fatal

ERROR:root:error
CRITICAL:root:critical
CRITICAL:root:fatal

CRITICAL:root:critical
CRITICAL:root:fatal

CRITICAL:root:critical
CRITICAL:root:fatal

